<?xml version="1.0" encoding="UTF-8"?>
<!-- Generated by org.testng.reporters.JUnitReportReporter -->
<testsuite hostname="TYSS-Chaithra" failures="0" tests="1" name="vtiger.Practice.BaseClassPractice" time="0.005" errors="0" timestamp="2022-09-05T19:59:37 IST" skipped="0">
  <testcase classname="vtiger.Practice.BaseClassPractice" name="test1" time="0.005"/>
  <system-out/>
</testsuite> <!-- vtiger.Practice.BaseClassPractice -->
