<?xml version="1.0" encoding="UTF-8"?>
<!-- Generated by org.testng.reporters.JUnitReportReporter -->
<testsuite hostname="TYSS-Chaithra" failures="0" tests="1" name="vtiger.Practice.ReadDataFromCmdLine" time="0.006" errors="0" timestamp="2022-09-15T20:16:54 IST" skipped="0">
  <testcase classname="vtiger.Practice.ReadDataFromCmdLine" name="readData" time="0.006"/>
  <system-out/>
</testsuite> <!-- vtiger.Practice.ReadDataFromCmdLine -->
