<?xml version="1.0" encoding="UTF-8"?>
<!-- Generated by org.testng.reporters.JUnitReportReporter -->
<testsuite hostname="TYSS-Chaithra" failures="0" tests="1" name="vtiger.Practice.RetryAnalyserPractice" time="0.012" errors="0" timestamp="2022-09-12T19:36:28 IST" skipped="0">
  <testcase classname="vtiger.Practice.RetryAnalyserPractice" name="retryPractice" time="0.012"/>
  <system-out/>
</testsuite> <!-- vtiger.Practice.RetryAnalyserPractice -->
