<?xml version="1.0" encoding="UTF-8"?>
<!-- Generated by org.testng.reporters.JUnitReportReporter -->
<testsuite hostname="TYSS-Chaithra" failures="0" tests="2" name="vtiger.OrganizationsTests.CreateOrganizationTest" time="28.670" errors="0" timestamp="2022-09-06T20:24:50 IST" skipped="0">
  <testcase classname="vtiger.OrganizationsTests.CreateOrganizationTest" name="createOrgTest" time="28.669"/>
  <system-out/>
  <testcase classname="vtiger.OrganizationsTests.CreateOrganizationTest" name="demoTest" time="0.001"/>
  <system-out/>
</testsuite> <!-- vtiger.OrganizationsTests.CreateOrganizationTest -->
