<?xml version="1.0" encoding="UTF-8"?>
<!-- Generated by org.testng.reporters.JUnitReportReporter -->
<testsuite hostname="TYSS-Chaithra" failures="0" tests="3" name="vtiger.Practice.TestNGPractice" time="0.010" errors="0" timestamp="2022-09-03T19:22:57 IST" skipped="1">
  <testcase classname="vtiger.Practice.TestNGPractice" name="modifyCustomerTest" time="0.001"/>
  <system-out/>
  <testcase classname="vtiger.Practice.TestNGPractice" name="createCustomerTest" time="0.009"/>
  <system-out/>
  <testcase classname="vtiger.Practice.TestNGPractice" name="deleteCustomerTest">
    <skipped/>
  </testcase> <!-- deleteCustomerTest -->
  <system-out/>
</testsuite> <!-- vtiger.Practice.TestNGPractice -->
